== application crashed
app name: OTClient
app version: 0.6.7
build compiler: gcc 4.8.1
build date: Jun 25 2018
build type: release
build revision: 0 (devel)
crash date: Jul 03 2018 14:07:43
exception: Access violation (0xc0000005)
exception address: 0x00432272
  backtrace:
    0: C:\Users\Victor\Desktop\Evolution - Server v4\Clients Evolution\Client Evolution V4.0\OtClient v0.3.exe [0x0000000000432272]
    1: C:\Users\Victor\Desktop\Evolution - Server v4\Clients Evolution\Client Evolution V4.0\OtClient v0.3.exe [0x00000000004332C6]
    2: C:\Users\Victor\Desktop\Evolution - Server v4\Clients Evolution\Client Evolution V4.0\OtClient v0.3.exe [0x0000000000433E4D]
    3: C:\Users\Victor\Desktop\Evolution - Server v4\Clients Evolution\Client Evolution V4.0\OtClient v0.3.exe [0x0000000000433F69]
    4: C:\Users\Victor\Desktop\Evolution - Server v4\Clients Evolution\Client Evolution V4.0\OtClient v0.3.exe [0x0000000000430269]
    5: C:\Users\Victor\Desktop\Evolution - Server v4\Clients Evolution\Client Evolution V4.0\OtClient v0.3.exe [0x0000000000430515]
    6: C:\Users\Victor\Desktop\Evolution - Server v4\Clients Evolution\Client Evolution V4.0\OtClient v0.3.exe [0x0000000000450C00]
    7: C:\Users\Victor\Desktop\Evolution - Server v4\Clients Evolution\Client Evolution V4.0\OtClient v0.3.exe(alGetListeneriv+0x19df95) [0x00000000006A58B5]
    8: C:\Users\Victor\Desktop\Evolution - Server v4\Clients Evolution\Client Evolution V4.0\OtClient v0.3.exe(alGetListeneriv+0x204416) [0x000000000070BD36]
    9: C:\Users\Victor\Desktop\Evolution - Server v4\Clients Evolution\Client Evolution V4.0\OtClient v0.3.exe(alGetListeneriv+0x20b85c) [0x000000000071317C]
    10: C:\Users\Victor\Desktop\Evolution - Server v4\Clients Evolution\Client Evolution V4.0\OtClient v0.3.exe [0x000000000042BF5C]
    11: C:\Users\Victor\Desktop\Evolution - Server v4\Clients Evolution\Client Evolution V4.0\OtClient v0.3.exe(alGetListeneriv+0x3650b) [0x000000000053DE2B]
    12: C:\Users\Victor\Desktop\Evolution - Server v4\Clients Evolution\Client Evolution V4.0\OtClient v0.3.exe(alGetListeneriv+0x3e524) [0x0000000000545E44]
    13: C:\Users\Victor\Desktop\Evolution - Server v4\Clients Evolution\Client Evolution V4.0\OtClient v0.3.exe(alGetListeneriv+0x3f532) [0x0000000000546E52]
    14: C:\WINDOWS\SYSTEM32\ntdll.dll(RtlAllocateHeap+0x12a) [0x0000000076FB48DA]
    15: C:\WINDOWS\SYSTEM32\ntdll.dll(RtlAllocateHeap+0x3e) [0x0000000076FB47EE]
    16: C:\WINDOWS\System32\msvcrt.dll(malloc+0x90) [0x0000000075DF72A0]
    17: C:\Users\Victor\Desktop\Evolution - Server v4\Clients Evolution\Client Evolution V4.0\OtClient v0.3.exe(alGetListeneriv+0x36990) [0x000000000053E2B0]
    18: C:\Users\Victor\Desktop\Evolution - Server v4\Clients Evolution\Client Evolution V4.0\OtClient v0.3.exe(alGetListeneriv+0x1cb533) [0x00000000006D2E53]

== application crashed
app name: OTClient
app version: 0.6.7
build compiler: gcc 4.8.1
build date: Jun 25 2018
build type: release
build revision: 0 (devel)
crash date: Jul 05 2018 11:58:45
exception: Access violation (0xc0000005)
exception address: 0x7412aa4a
  backtrace:
    0: C:\WINDOWS\System32\msvcrt.dll(wcstok_s+0x45a) [0x000000007412AA4A]
    1: C:\WINDOWS\System32\msvcrt.dll(wcstok_s+0x3e1) [0x000000007412A9D1]
    2: C:\Users\Victor\Desktop\Evolution - Server v4\Clients Evolution\Client Evolution V4.0\OtClient v0.3.exe [0x000000000044A753]
    3: C:\Users\Victor\Desktop\Evolution - Server v4\Clients Evolution\Client Evolution V4.0\OtClient v0.3.exe [0x0000000000447F57]
    4: C:\Users\Victor\Desktop\Evolution - Server v4\Clients Evolution\Client Evolution V4.0\OtClient v0.3.exe [0x00000000004486C6]
    5: C:\Users\Victor\Desktop\Evolution - Server v4\Clients Evolution\Client Evolution V4.0\OtClient v0.3.exe [0x0000000000464663]
    6: C:\Users\Victor\Desktop\Evolution - Server v4\Clients Evolution\Client Evolution V4.0\OtClient v0.3.exe [0x0000000000465099]
    7: C:\Users\Victor\Desktop\Evolution - Server v4\Clients Evolution\Client Evolution V4.0\OtClient v0.3.exe [0x000000000045D3F1]
    8: C:\Users\Victor\Desktop\Evolution - Server v4\Clients Evolution\Client Evolution V4.0\OtClient v0.3.exe [0x000000000045E8D1]
    9: C:\Users\Victor\Desktop\Evolution - Server v4\Clients Evolution\Client Evolution V4.0\OtClient v0.3.exe [0x000000000045F9A5]
    10: C:\Users\Victor\Desktop\Evolution - Server v4\Clients Evolution\Client Evolution V4.0\OtClient v0.3.exe [0x000000000045089A]
    11: C:\Users\Victor\Desktop\Evolution - Server v4\Clients Evolution\Client Evolution V4.0\OtClient v0.3.exe [0x0000000000450CD9]
    12: C:\Users\Victor\Desktop\Evolution - Server v4\Clients Evolution\Client Evolution V4.0\OtClient v0.3.exe(alGetListeneriv+0x19df95) [0x00000000006A58B5]
    13: C:\Users\Victor\Desktop\Evolution - Server v4\Clients Evolution\Client Evolution V4.0\OtClient v0.3.exe(alGetListeneriv+0x204416) [0x000000000070BD36]
    14: C:\Users\Victor\Desktop\Evolution - Server v4\Clients Evolution\Client Evolution V4.0\OtClient v0.3.exe(alGetListeneriv+0x20b85c) [0x000000000071317C]
    15: C:\Users\Victor\Desktop\Evolution - Server v4\Clients Evolution\Client Evolution V4.0\OtClient v0.3.exe [0x000000000042BF5C]
    16: C:\Users\Victor\Desktop\Evolution - Server v4\Clients Evolution\Client Evolution V4.0\OtClient v0.3.exe(alGetListeneriv+0x3650b) [0x000000000053DE2B]
    17: C:\Users\Victor\Desktop\Evolution - Server v4\Clients Evolution\Client Evolution V4.0\OtClient v0.3.exe(alGetListeneriv+0x3e69f) [0x0000000000545FBF]
    18: C:\Users\Victor\Desktop\Evolution - Server v4\Clients Evolution\Client Evolution V4.0\OtClient v0.3.exe(alGetListeneriv+0x3e524) [0x0000000000545E44]
    19: C:\Users\Victor\Desktop\Evolution - Server v4\Clients Evolution\Client Evolution V4.0\OtClient v0.3.exe(alGetListeneriv+0x3881f) [0x000000000054013F]
    20: C:\Users\Victor\Desktop\Evolution - Server v4\Clients Evolution\Client Evolution V4.0\OtClient v0.3.exe(alGetListeneriv+0x3f532) [0x0000000000546E52]
    21: C:\WINDOWS\SYSTEM32\ntdll.dll(RtlAllocateHeap+0x12a) [0x00000000773248DA]
    22: C:\WINDOWS\SYSTEM32\ntdll.dll(RtlAllocateHeap+0x3e) [0x00000000773247EE]
    23: C:\WINDOWS\System32\msvcrt.dll(malloc+0x90) [0x00000000740E72A0]
    24: C:\Users\Victor\Desktop\Evolution - Server v4\Clients Evolution\Client Evolution V4.0\OtClient v0.3.exe(alGetListeneriv+0x36990) [0x000000000053E2B0]
    25: C:\Users\Victor\Desktop\Evolution - Server v4\Clients Evolution\Client Evolution V4.0\OtClient v0.3.exe(alGetListeneriv+0x32ed0) [0x000000000053A7F0]
    26: C:\WINDOWS\System32\msvcrt.dll(realloc+0x380) [0x00000000740E7680]
    27: C:\Users\Victor\Desktop\Evolution - Server v4\Clients Evolution\Client Evolution V4.0\OtClient v0.3.exe(alGetListeneriv+0x35c1d) [0x000000000053D53D]
    28: C:\Users\Victor\Desktop\Evolution - Server v4\Clients Evolution\Client Evolution V4.0\OtClient v0.3.exe(alGetListeneriv+0x36b01) [0x000000000053E421]
    29: C:\Users\Victor\Desktop\Evolution - Server v4\Clients Evolution\Client Evolution V4.0\OtClient v0.3.exe(alGetListeneriv+0x36ff9) [0x000000000053E919]
    30: C:\Users\Victor\Desktop\Evolution - Server v4\Clients Evolution\Client Evolution V4.0\OtClient v0.3.exe [0x000000000042AF05]
    31: C:\Users\Victor\Desktop\Evolution - Server v4\Clients Evolution\Client Evolution V4.0\OtClient v0.3.exe [0x0000000000429CF5]
    32: C:\Users\Victor\Desktop\Evolution - Server v4\Clients Evolution\Client Evolution V4.0\OtClient v0.3.exe [0x0000000000422E82]
    33: C:\Users\Victor\Desktop\Evolution - Server v4\Clients Evolution\Client Evolution V4.0\OtClient v0.3.exe [0x0000000000422D04]
    34: C:\Users\Victor\Desktop\Evolution - Server v4\Clients Evolution\Client Evolution V4.0\OtClient v0.3.exe [0x000000000042462E]
    35: C:\Users\Victor\Desktop\Evolution - Server v4\Clients Evolution\Client Evolution V4.0\OtClient v0.3.exe(alGetListeneriv+0x218b79) [0x0000000000720499]
    36: C:\Users\Victor\Desktop\Evolution - Server v4\Clients Evolution\Client Evolution V4.0\OtClient v0.3.exe(alGetListeneriv+0x214bf4) [0x000000000071C514]
    37: C:\Users\Victor\Desktop\Evolution - Server v4\Clients Evolution\Client Evolution V4.0\OtClient v0.3.exe [0x000000000042BF5C]
    38: C:\Users\Victor\Desktop\Evolution - Server v4\Clients Evolution\Client Evolution V4.0\OtClient v0.3.exe(alGetListeneriv+0x3650b) [0x000000000053DE2B]
    39: C:\Users\Victor\Desktop\Evolution - Server v4\Clients Evolution\Client Evolution V4.0\OtClient v0.3.exe(alGetListeneriv+0x3e524) [0x0000000000545E44]
    40: C:\Users\Victor\Desktop\Evolution - Server v4\Clients Evolution\Client Evolution V4.0\OtClient v0.3.exe(alGetListeneriv+0x3f532) [0x0000000000546E52]
    41: C:\WINDOWS\SYSTEM32\ntdll.dll(RtlAllocateHeap+0x12a) [0x00000000773248DA]
    42: C:\WINDOWS\SYSTEM32\ntdll.dll(RtlAllocateHeap+0x3e) [0x00000000773247EE]
    43: C:\WINDOWS\System32\msvcrt.dll(malloc+0x90) [0x00000000740E72A0]
    44: C:\Users\Victor\Desktop\Evolution - Server v4\Clients Evolution\Client Evolution V4.0\OtClient v0.3.exe(alGetListeneriv+0x36990) [0x000000000053E2B0]

== application crashed
app name: OTClient
app version: 0.6.7
build compiler: gcc 4.8.1
build date: Jun 25 2018
build type: release
build revision: 0 (devel)
crash date: Jul 05 2018 19:38:45
exception: Access violation (0xc0000005)
exception address: 0x74b1aa4a
  backtrace:
    0: C:\WINDOWS\System32\msvcrt.dll(wcstok_s+0x45a) [0x0000000074B1AA4A]
    1: C:\WINDOWS\System32\msvcrt.dll(wcstok_s+0x3e1) [0x0000000074B1A9D1]
    2: C:\Users\Victor\Desktop\Evolution - Server v4\Clients Evolution\Client Evolution V4.0\OtClient v0.3.exe [0x000000000044A770]
    3: C:\Users\Victor\Desktop\Evolution - Server v4\Clients Evolution\Client Evolution V4.0\OtClient v0.3.exe [0x0000000000447F57]
    4: C:\Users\Victor\Desktop\Evolution - Server v4\Clients Evolution\Client Evolution V4.0\OtClient v0.3.exe [0x00000000004486C6]
    5: C:\Users\Victor\Desktop\Evolution - Server v4\Clients Evolution\Client Evolution V4.0\OtClient v0.3.exe [0x0000000000464663]
    6: C:\Users\Victor\Desktop\Evolution - Server v4\Clients Evolution\Client Evolution V4.0\OtClient v0.3.exe [0x0000000000465099]
    7: C:\Users\Victor\Desktop\Evolution - Server v4\Clients Evolution\Client Evolution V4.0\OtClient v0.3.exe [0x000000000045D3F1]
    8: C:\Users\Victor\Desktop\Evolution - Server v4\Clients Evolution\Client Evolution V4.0\OtClient v0.3.exe [0x000000000045E8D1]
    9: C:\Users\Victor\Desktop\Evolution - Server v4\Clients Evolution\Client Evolution V4.0\OtClient v0.3.exe [0x000000000045F9A5]
    10: C:\Users\Victor\Desktop\Evolution - Server v4\Clients Evolution\Client Evolution V4.0\OtClient v0.3.exe [0x000000000045089A]
    11: C:\Users\Victor\Desktop\Evolution - Server v4\Clients Evolution\Client Evolution V4.0\OtClient v0.3.exe [0x0000000000450CD9]
    12: C:\Users\Victor\Desktop\Evolution - Server v4\Clients Evolution\Client Evolution V4.0\OtClient v0.3.exe(alGetListeneriv+0x19df95) [0x00000000006A58B5]
    13: C:\Users\Victor\Desktop\Evolution - Server v4\Clients Evolution\Client Evolution V4.0\OtClient v0.3.exe(alGetListeneriv+0x204416) [0x000000000070BD36]
    14: C:\Users\Victor\Desktop\Evolution - Server v4\Clients Evolution\Client Evolution V4.0\OtClient v0.3.exe(alGetListeneriv+0x20b85c) [0x000000000071317C]
    15: C:\Users\Victor\Desktop\Evolution - Server v4\Clients Evolution\Client Evolution V4.0\OtClient v0.3.exe [0x000000000042BF5C]
    16: C:\Users\Victor\Desktop\Evolution - Server v4\Clients Evolution\Client Evolution V4.0\OtClient v0.3.exe(alGetListeneriv+0x3650b) [0x000000000053DE2B]
    17: C:\Users\Victor\Desktop\Evolution - Server v4\Clients Evolution\Client Evolution V4.0\OtClient v0.3.exe(alGetListeneriv+0xfafe7e8) [0x0000000010006108]
    18: Unknown [0x0000000015873190]
    19: Unknown [0x0000000015873190]
    20: Unknown [0x0000000010F0BA20]
    21: Unknown [0x00000000158F67E8]

